2026-03-15 09:33:48 [error]: Error: password authentication failed for user "postgres"
2026-03-15 09:36:16 [error]: Error: Invalid credentials
2026-03-15 09:36:21 [error]: Error: Invalid credentials
2026-03-15 09:36:22 [error]: Error: Invalid credentials
2026-03-15 11:09:20 [error]: Auth middleware error: jwt expired
2026-03-15 11:09:20 [error]: Auth middleware error: jwt expired
2026-03-15 13:56:28 [error]: Auth middleware error: jwt expired
2026-03-15 13:56:30 [error]: Auth middleware error: jwt expired
2026-03-15 14:10:16 [error]: Error: relation "business_applications" does not exist
2026-03-15 14:10:16 [error]: Error: relation "business_applications" does not exist
2026-03-15 14:10:19 [error]: Error: relation "business_applications" does not exist
2026-03-15 14:10:19 [error]: Error: relation "business_applications" does not exist
2026-03-15 17:25:38 [error]: Auth middleware error: jwt expired
2026-03-15 17:25:38 [error]: Auth middleware error: jwt expired
2026-03-15 20:48:11 [error]: Auth middleware error: jwt expired
2026-03-15 20:48:11 [error]: Auth middleware error: jwt expired
2026-03-15 20:54:20 [error]: Error: password authentication failed for user "postgres"
2026-03-15 20:54:20 [error]: Error: password authentication failed for user "postgres"
2026-03-15 20:54:57 [error]: Error: password authentication failed for user "postgres"
2026-03-15 20:54:58 [error]: Error: password authentication failed for user "postgres"
2026-03-15 20:55:03 [error]: Error: Connection terminated due to connection timeout
2026-03-15 20:55:05 [error]: Error: Connection terminated due to connection timeout
2026-03-15 20:55:06 [error]: Error: Connection terminated due to connection timeout
2026-03-15 20:55:07 [error]: Error: Connection terminated due to connection timeout
2026-03-15 20:55:08 [error]: Error: Connection terminated due to connection timeout
2026-03-15 20:55:09 [error]: Error: Connection terminated due to connection timeout
2026-03-15 20:55:14 [error]: Error: Connection terminated due to connection timeout
2026-03-15 20:55:14 [error]: Error: Connection terminated due to connection timeout
2026-03-15 20:55:16 [error]: Error: Connection terminated due to connection timeout
2026-03-15 20:55:16 [error]: Error: Connection terminated due to connection timeout
2026-03-15 20:55:17 [error]: Error: Connection terminated due to connection timeout
2026-03-15 20:55:19 [error]: Error: Connection terminated due to connection timeout
2026-03-15 20:56:23 [error]: Error: Connection terminated due to connection timeout
2026-03-15 20:56:25 [error]: Error: Connection terminated due to connection timeout
2026-03-15 20:56:29 [error]: Error: Connection terminated due to connection timeout
2026-03-15 20:58:06 [error]: Error: getaddrinfo ENOTFOUND https://uzivdrtjyjkvwlvqkyyk.supabase.co
2026-03-15 20:58:07 [error]: Error: getaddrinfo ENOTFOUND https://uzivdrtjyjkvwlvqkyyk.supabase.co
2026-03-15 20:58:12 [error]: Error: getaddrinfo ENOTFOUND https://uzivdrtjyjkvwlvqkyyk.supabase.co
2026-03-15 20:59:32 [error]: Error: Connection terminated due to connection timeout
2026-03-15 21:00:57 [error]: Error: Connection terminated due to connection timeout
2026-03-15 21:05:51 [error]: Error: Connection terminated due to connection timeout
2026-03-15 21:06:10 [error]: Error: Connection terminated due to connection timeout
2026-03-15 21:09:03 [error]: Error: Connection terminated due to connection timeout
2026-03-15 22:32:38 [error]: Error: relation "users" does not exist
